[:01000001] LAUNCH logger ./../../combat.log
[:00000000] syslogger config syslog : 0

[:01000002] LAUNCH snlua bootstrap
[:01000003] LAUNCH snlua launcher
[:01000004] LAUNCH snlua cmaster
[:01000004] master listen socket 127.0.0.1:2013
[:01000005] LAUNCH snlua cslave
[:01000005] slave connect to master 127.0.0.1:2013
[:01000004] connect from 127.0.0.1:51964 5
[:01000006] LAUNCH harbor 1 16777221
[:01000004] Harbor 1 (fd=5) report 127.0.0.1:2526
[:01000005] Waiting for 0 harbors
[:01000005] Shakehand ready
[:01000007] LAUNCH snlua datacenterd
[:01000008] LAUNCH snlua service_mgr
[:01000009] LAUNCH snlua entrance
[:0100000a] LAUNCH snlua sharedatad
[:0100000b] LAUNCH snlua debug_console 9001
[:0100000b] Start debug console at 127.0.0.1:9001
[:0100000c] LAUNCH snlua maintain
[:0100000d] LAUNCH snlua redis_service
[:0100000e] LAUNCH snlua redis_service
[:0100000f] LAUNCH snlua redis_service
[:01000010] LAUNCH snlua redis_service
[:0100000d] redis connect ok!!!
[:01000011] LAUNCH snlua redis_service
[:0100000e] redis connect ok!!!
[:0100000f] redis connect ok!!!
[:01000010] redis connect ok!!!
[:01000012] LAUNCH snlua room_man_service
[:01000011] redis connect ok!!!
[:01000013] LAUNCH snlua stat
[:01000009] KILL self
[:01000002] KILL self
